\BOOKMARK [1][-]{section.1}{\376\377\000D\000e\000n\000s\000i\000t\000y\000-\000B\000a\000s\000e\000d\000\040\000C\000l\000u\000s\000t\000e\000r\000i\000n\000g}{}% 1
\BOOKMARK [2][-]{subsection.1.1}{\376\377\000O\000b\000j\000e\000c\000t\000i\000v\000e\000s}{section.1}% 2
\BOOKMARK [3][-]{subsubsection.1.1.1}{\376\377\000D\000a\000t\000a\000\040\000g\000e\000n\000e\000r\000a\000t\000i\000o\000n}{subsection.1.1}% 3
\BOOKMARK [3][-]{subsubsection.1.1.2}{\376\377\000M\000o\000d\000e\000l\000i\000n\000g}{subsection.1.1}% 4
\BOOKMARK [3][-]{subsubsection.1.1.3}{\376\377\000D\000i\000s\000t\000i\000n\000g\000u\000i\000s\000h\000\040\000o\000u\000t\000l\000i\000e\000r\000s}{subsection.1.1}% 5
\BOOKMARK [3][-]{subsubsection.1.1.4}{\376\377\000D\000a\000t\000a\000\040\000v\000i\000s\000u\000a\000l\000i\000z\000a\000t\000i\000o\000n}{subsection.1.1}% 6
\BOOKMARK [2][-]{subsection.1.2}{\376\377\000P\000r\000a\000c\000t\000i\000c\000e}{section.1}% 7
\BOOKMARK [3][-]{subsubsection.1.2.1}{\376\377\000A\000b\000o\000u\000t\000\040\000t\000h\000e\000\040\000d\000a\000t\000a\000s\000e\000t}{subsection.1.2}% 8
\BOOKMARK [3][-]{subsubsection.1.2.2}{\376\377\0001\000-\000D\000o\000w\000n\000l\000o\000a\000d\000\040\000d\000a\000t\000a}{subsection.1.2}% 9
\BOOKMARK [3][-]{subsubsection.1.2.3}{\376\377\0002\000-\000\040\000L\000o\000a\000d\000\040\000t\000h\000e\000\040\000d\000a\000t\000a\000s\000e\000t}{subsection.1.2}% 10
\BOOKMARK [3][-]{subsubsection.1.2.4}{\376\377\0003\000-\000C\000l\000e\000a\000n\000i\000n\000g}{subsection.1.2}% 11
\BOOKMARK [3][-]{subsubsection.1.2.5}{\376\377\0004\000-\000V\000i\000s\000u\000a\000l\000i\000z\000a\000t\000i\000o\000n}{subsection.1.2}% 12
\BOOKMARK [3][-]{subsubsection.1.2.6}{\376\377\0005\000-\000\040\000C\000l\000u\000s\000t\000e\000r\000i\000n\000g\000\040\000o\000f\000\040\000s\000t\000a\000t\000i\000o\000n\000s\000\040\000b\000a\000s\000e\000d\000\040\000o\000n\000\040\000t\000h\000e\000i\000r\000\040\000l\000o\000c\000a\000t\000i\000o\000n\000\040\000i\000.\000e\000.\000\040\000L\000a\000t\000\040\000\046\000\040\000L\000o\000n}{subsection.1.2}% 13
\BOOKMARK [3][-]{subsubsection.1.2.7}{\376\377\0006\000-\000\040\000V\000i\000s\000u\000a\000l\000i\000z\000a\000t\000i\000o\000n\000\040\000o\000f\000\040\000c\000l\000u\000s\000t\000e\000r\000s\000\040\000b\000a\000s\000e\000d\000\040\000o\000n\000\040\000l\000o\000c\000a\000t\000i\000o\000n}{subsection.1.2}% 14
\BOOKMARK [3][-]{subsubsection.1.2.8}{\376\377\0007\000-\000\040\000C\000l\000u\000s\000t\000e\000r\000i\000n\000g\000\040\000o\000f\000\040\000s\000t\000a\000t\000i\000o\000n\000s\000\040\000b\000a\000s\000e\000d\000\040\000o\000n\000\040\000t\000h\000e\000i\000r\000\040\000l\000o\000c\000a\000t\000i\000o\000n\000,\000\040\000m\000e\000a\000n\000,\000\040\000m\000a\000x\000,\000\040\000a\000n\000d\000\040\000m\000i\000n\000\040\000T\000e\000m\000p\000e\000r\000a\000t\000u\000r\000e}{subsection.1.2}% 15
\BOOKMARK [3][-]{subsubsection.1.2.9}{\376\377\0008\000-\000\040\000V\000i\000s\000u\000a\000l\000i\000z\000a\000t\000i\000o\000n\000\040\000o\000f\000\040\000c\000l\000u\000s\000t\000e\000r\000s\000\040\000b\000a\000s\000e\000d\000\040\000o\000n\000\040\000l\000o\000c\000a\000t\000i\000o\000n\000\040\000a\000n\000d\000\040\000T\000e\000m\000p\000e\000r\000t\000u\000r\000e}{subsection.1.2}% 16
\BOOKMARK [3][-]{subsubsection.1.2.10}{\376\377\000T\000h\000a\000n\000k\000\040\000y\000o\000u\000\040\000f\000o\000r\000\040\000c\000o\000m\000p\000l\000e\000t\000i\000n\000g\000\040\000t\000h\000i\000s\000\040\000l\000a\000b\000!}{subsection.1.2}% 17
\BOOKMARK [2][-]{subsection.1.3}{\376\377\000A\000u\000t\000h\000o\000r}{section.1}% 18
\BOOKMARK [3][-]{subsubsection.1.3.1}{\376\377\000O\000t\000h\000e\000r\000\040\000C\000o\000n\000t\000r\000i\000b\000u\000t\000o\000r\000s}{subsection.1.3}% 19
\BOOKMARK [2][-]{subsection.1.4}{\376\377\000C\000h\000a\000n\000g\000e\000\040\000L\000o\000g}{section.1}% 20
